<?xml version="1.0" encoding="UTF-8"?>
<!-- Generated by org.testng.reporters.JUnitXMLReporter -->
<testsuite hostname="BLRL5CG0287TTQ" ignored="2" name="TMBAutomationTestSuite" tests="2" failures="1" timestamp="2023-06-01T13:41:53 IST" time="30.67" errors="0">
  <testcase name="loginHomePageTest" time="1.331" classname="com.tmb.auto.tests.HomePageTest">
    <failure type="java.lang.NullPointerException">
      <![CDATA[java.lang.NullPointerException
at com.tmb.reports.ExtentLogger.pass(ExtentLogger.java:6)
at com.tmb.utils.SeleniumUtils.sendKeys(SeleniumUtils.java:35)
at com.tmb.pages.LoginPage.setUserName(LoginPage.java:18)
at com.tmb.pages.LoginPage.loginToApplication(LoginPage.java:36)
at com.tmb.auto.tests.HomePageTest.loginHomePageTest(HomePageTest.java:22)
at java.util.concurrent.ThreadPoolExecutor.runWorker(Unknown Source)
at java.util.concurrent.ThreadPoolExecutor$Worker.run(Unknown Source)
at java.lang.Thread.run(Unknown Source)
... Removed 12 stack frames]]>
    </failure>
  </testcase> <!-- loginHomePageTest -->
  <testcase name="Test2" time="14.675" classname="com.tmb.auto.tests.PaymentTest"/>
  <testcase name="@AfterSuite afterSuite" time="0.0" classname="com.tmb.auto.tests.BaseTest">
    <ignored/>
  </testcase> <!-- @AfterSuite afterSuite -->
  <testcase name="@BeforeSuite beforeSuite" time="0.0" classname="com.tmb.auto.tests.BaseTest">
    <ignored/>
  </testcase> <!-- @BeforeSuite beforeSuite -->
</testsuite> <!-- TMBAutomationTestSuite -->
